<?xml version="1.0" encoding="UTF-8"?>
<!-- Generated by org.testng.reporters.JUnitReportReporter -->
<testsuite skipped="0" hostname="Bhajans-MacBook-Air.local" name="com.fk.testcases.FKCheckoutTests" tests="1" failures="0" timestamp="2020-01-08T20:24:52 IST" time="21.900" errors="1">
  <testcase name="verifyCheckoutFlow" time="21.900" classname="com.fk.testcases.FKCheckoutTests">
    <error type="org.openqa.selenium.WebDriverException" message="unknown error: Element &lt;a class=&quot;_2mylT6&quot; title=&quot;...&quot; target=&quot;_blank&quot; rel=&quot;noopener noreferrer&quot; href=&quot;/hytech-mesh-running-sport-shoes-walking-men/p/itmfebjcpusdehhj?pid=SHOFEB3GSPZKW4HU&amp;amp;lid=LSTSHOFEB3GSPZKW4HUDN5TQM&amp;amp;marketplace=FLIPKART&amp;amp;srno=b_2_1&amp;amp;otracker=nmenu_sub_Men_0_Sports%20Shoes&amp;amp;fm=organic&amp;amp;iid=en_%2Fu%2FDnE%2B0ghRtMV4bYCj%2Fc%2BNAKwyO93ZR0RaW9XJE16sptqEqFnZ4rJJLMos4OKGk8W9muhpCvfJ3Q8m020XN2g%3D%3D&amp;amp;ppt=browse&amp;amp;ppn=browse&amp;amp;ssid=v9y6a6jayo0000001578495285045&quot;&gt;Mesh Running | Sport Shoes Walking Shoes For Men&lt;/a&gt; is not clickable at point (389, 623). Other element would receive the click: &lt;div class=&quot;_9TXcbt&quot;&gt;...&lt;/div&gt;
  (Session info: chrome=79.0.3945.88)
  (Driver info: chromedriver=2.44.609545 (c2f88692e98ce7233d2df7c724465ecacfe74df5),platform=Mac OS X 10.13.1 x86_64) (WARNING: The server did not provide any stacktrace information)
Command duration or timeout: 0 milliseconds
Build info: version: &#039;3.141.5&#039;, revision: &#039;d54ebd709a&#039;, time: &#039;2018-11-06T11:42:16&#039;
System info: host: &#039;Bhajans-MacBook-Air.local&#039;, ip: &#039;fe80:0:0:0:1892:3f0b:5191:fdfb%en0&#039;, os.name: &#039;Mac OS X&#039;, os.arch: &#039;x86_64&#039;, os.version: &#039;10.13.1&#039;, java.version: &#039;1.8.0_171&#039;
Driver info: org.openqa.selenium.chrome.ChromeDriver
Capabilities {acceptInsecureCerts: false, acceptSslCerts: false, applicationCacheEnabled: false, browserConnectionEnabled: false, browserName: chrome, chrome: {chromedriverVersion: 2.44.609545 (c2f88692e98ce7..., userDataDir: /var/folders/gb/vwq3r7bs35x...}, cssSelectorsEnabled: true, databaseEnabled: false, goog:chromeOptions: {debuggerAddress: localhost:51896}, handlesAlerts: true, hasTouchScreen: false, javascriptEnabled: true, locationContextEnabled: true, mobileEmulationEnabled: false, nativeEvents: true, networkConnectionEnabled: false, pageLoadStrategy: normal, platform: MAC, platformName: MAC, rotatable: false, setWindowRect: true, takesHeapSnapshot: true, takesScreenshot: true, unexpectedAlertBehaviour: ignore, unhandledPromptBehavior: ignore, version: 79.0.3945.88, webStorageEnabled: true}
Session ID: 71e247b11d4df74808ecddc4cee1284d">
      <![CDATA[org.openqa.selenium.WebDriverException: unknown error: Element <a class="_2mylT6" title="..." target="_blank" rel="noopener noreferrer" href="/hytech-mesh-running-sport-shoes-walking-men/p/itmfebjcpusdehhj?pid=SHOFEB3GSPZKW4HU&amp;lid=LSTSHOFEB3GSPZKW4HUDN5TQM&amp;marketplace=FLIPKART&amp;srno=b_2_1&amp;otracker=nmenu_sub_Men_0_Sports%20Shoes&amp;fm=organic&amp;iid=en_%2Fu%2FDnE%2B0ghRtMV4bYCj%2Fc%2BNAKwyO93ZR0RaW9XJE16sptqEqFnZ4rJJLMos4OKGk8W9muhpCvfJ3Q8m020XN2g%3D%3D&amp;ppt=browse&amp;ppn=browse&amp;ssid=v9y6a6jayo0000001578495285045">Mesh Running | Sport Shoes Walking Shoes For Men</a> is not clickable at point (389, 623). Other element would receive the click: <div class="_9TXcbt">...</div>
  (Session info: chrome=79.0.3945.88)
  (Driver info: chromedriver=2.44.609545 (c2f88692e98ce7233d2df7c724465ecacfe74df5),platform=Mac OS X 10.13.1 x86_64) (WARNING: The server did not provide any stacktrace information)
Command duration or timeout: 0 milliseconds
Build info: version: '3.141.5', revision: 'd54ebd709a', time: '2018-11-06T11:42:16'
System info: host: 'Bhajans-MacBook-Air.local', ip: 'fe80:0:0:0:1892:3f0b:5191:fdfb%en0', os.name: 'Mac OS X', os.arch: 'x86_64', os.version: '10.13.1', java.version: '1.8.0_171'
Driver info: org.openqa.selenium.chrome.ChromeDriver
Capabilities {acceptInsecureCerts: false, acceptSslCerts: false, applicationCacheEnabled: false, browserConnectionEnabled: false, browserName: chrome, chrome: {chromedriverVersion: 2.44.609545 (c2f88692e98ce7..., userDataDir: /var/folders/gb/vwq3r7bs35x...}, cssSelectorsEnabled: true, databaseEnabled: false, goog:chromeOptions: {debuggerAddress: localhost:51896}, handlesAlerts: true, hasTouchScreen: false, javascriptEnabled: true, locationContextEnabled: true, mobileEmulationEnabled: false, nativeEvents: true, networkConnectionEnabled: false, pageLoadStrategy: normal, platform: MAC, platformName: MAC, rotatable: false, setWindowRect: true, takesHeapSnapshot: true, takesScreenshot: true, unexpectedAlertBehaviour: ignore, unhandledPromptBehavior: ignore, version: 79.0.3945.88, webStorageEnabled: true}
Session ID: 71e247b11d4df74808ecddc4cee1284d
at sun.reflect.NativeConstructorAccessorImpl.newInstance0(Native Method)
at sun.reflect.NativeConstructorAccessorImpl.newInstance(NativeConstructorAccessorImpl.java:62)
at sun.reflect.DelegatingConstructorAccessorImpl.newInstance(DelegatingConstructorAccessorImpl.java:45)
at java.lang.reflect.Constructor.newInstance(Constructor.java:423)
at org.openqa.selenium.remote.ErrorHandler.createThrowable(ErrorHandler.java:214)
at org.openqa.selenium.remote.ErrorHandler.throwIfResponseFailed(ErrorHandler.java:166)
at org.openqa.selenium.remote.http.JsonHttpResponseCodec.reconstructValue(JsonHttpResponseCodec.java:40)
at org.openqa.selenium.remote.http.AbstractHttpResponseCodec.decode(AbstractHttpResponseCodec.java:80)
at org.openqa.selenium.remote.http.AbstractHttpResponseCodec.decode(AbstractHttpResponseCodec.java:44)
at org.openqa.selenium.remote.HttpCommandExecutor.execute(HttpCommandExecutor.java:158)
at org.openqa.selenium.remote.service.DriverCommandExecutor.execute(DriverCommandExecutor.java:83)
at org.openqa.selenium.remote.RemoteWebDriver.execute(RemoteWebDriver.java:552)
at org.openqa.selenium.remote.RemoteWebElement.execute(RemoteWebElement.java:285)
at org.openqa.selenium.remote.RemoteWebElement.click(RemoteWebElement.java:84)
at com.fk.util.TestUtil.customClick(TestUtil.java:27)
at com.fk.page.cart.FKChkoutPage.verifyCheckoutFlow(FKChkoutPage.java:74)
at com.fk.testcases.FKCheckoutTests.verifyCheckoutFlow(FKCheckoutTests.java:19)
at sun.reflect.NativeMethodAccessorImpl.invoke0(Native Method)
at sun.reflect.NativeMethodAccessorImpl.invoke(NativeMethodAccessorImpl.java:62)
at sun.reflect.DelegatingMethodAccessorImpl.invoke(DelegatingMethodAccessorImpl.java:43)
at java.lang.reflect.Method.invoke(Method.java:498)
at org.testng.internal.MethodInvocationHelper.invokeMethod(MethodInvocationHelper.java:133)
at org.testng.internal.TestInvoker.invokeMethod(TestInvoker.java:584)
at org.testng.internal.TestInvoker.invokeTestMethod(TestInvoker.java:172)
at org.testng.internal.MethodRunner.runInSequence(MethodRunner.java:46)
at org.testng.internal.TestInvoker$MethodInvocationAgent.invoke(TestInvoker.java:804)
at org.testng.internal.TestInvoker.invokeTestMethods(TestInvoker.java:145)
at org.testng.internal.TestMethodWorker.invokeTestMethods(TestMethodWorker.java:146)
at org.testng.internal.TestMethodWorker.run(TestMethodWorker.java:128)
at java.util.ArrayList.forEach(ArrayList.java:1257)
at org.testng.TestRunner.privateRun(TestRunner.java:770)
at org.testng.TestRunner.run(TestRunner.java:591)
at org.testng.SuiteRunner.runTest(SuiteRunner.java:402)
at org.testng.SuiteRunner.runSequentially(SuiteRunner.java:396)
at org.testng.SuiteRunner.privateRun(SuiteRunner.java:355)
at org.testng.SuiteRunner.run(SuiteRunner.java:304)
at org.testng.SuiteRunnerWorker.runSuite(SuiteRunnerWorker.java:53)
at org.testng.SuiteRunnerWorker.run(SuiteRunnerWorker.java:96)
at org.testng.TestNG.runSuitesSequentially(TestNG.java:1180)
at org.testng.TestNG.runSuitesLocally(TestNG.java:1102)
at org.testng.TestNG.runSuites(TestNG.java:1032)
at org.testng.TestNG.run(TestNG.java:1000)
at org.testng.remote.AbstractRemoteTestNG.run(AbstractRemoteTestNG.java:115)
at org.testng.remote.RemoteTestNG.initAndRun(RemoteTestNG.java:251)
at org.testng.remote.RemoteTestNG.main(RemoteTestNG.java:77)
]]>
    </error>
  </testcase> <!-- verifyCheckoutFlow -->
</testsuite> <!-- com.fk.testcases.FKCheckoutTests -->
